This is pdfTeX, Version 3.14159265-2.6-1.40.17 (MiKTeX 2.9.6210) (preloaded format=pdflatex 2017.3.9)  10 JAN 2018 12:38
entering extended mode
**./skripsi.tex
(skripsi.tex
LaTeX2e <2017/01/01> patch level 1
Babel <3.9r> and hyphenation patterns for 75 language(s) loaded.
("C:\Program Files (x86)\MiKTeX 2.9\tex\latex\base\report.cls"
Document Class: report 2014/09/29 v1.4h Standard LaTeX document class
("C:\Program Files (x86)\MiKTeX 2.9\tex\latex\base\size12.clo"
File: size12.clo 2014/09/29 v1.4h Standard LaTeX file (size option)
)
\c@part=\count79
\c@chapter=\count80
\c@section=\count81
\c@subsection=\count82
\c@subsubsection=\count83
\c@paragraph=\count84
\c@subparagraph=\count85
\c@figure=\count86
\c@table=\count87
\abovecaptionskip=\skip41
\belowcaptionskip=\skip42
\bibindent=\dimen102
) (uithesis.sty
("C:\Program Files (x86)\MiKTeX 2.9\tex\latex\tocbibind\tocbibind.sty"
Package: tocbibind 2010/10/13 v1.5k extra ToC listings
Package tocbibind Info: The document has chapter divisions on input line 50.


Package tocbibind Note: Using chapter style headings, unless overridden.

) ("C:\Program Files (x86)\MiKTeX 2.9\tex\latex\hyperref\hyperref.sty"
Package: hyperref 2016/06/24 v6.83q Hypertext links for LaTeX

("C:\Program Files (x86)\MiKTeX 2.9\tex\generic\oberdiek\hobsub-hyperref.sty"
Package: hobsub-hyperref 2016/05/16 v1.14 Bundle oberdiek, subset hyperref (HO)


("C:\Program Files (x86)\MiKTeX 2.9\tex\generic\oberdiek\hobsub-generic.sty"
Package: hobsub-generic 2016/05/16 v1.14 Bundle oberdiek, subset generic (HO)
Package: hobsub 2016/05/16 v1.14 Construct package bundles (HO)
Package: infwarerr 2016/05/16 v1.4 Providing info/warning/error messages (HO)
Package: ltxcmds 2016/05/16 v1.23 LaTeX kernel commands for general use (HO)
Package: ifluatex 2016/05/16 v1.4 Provides the ifluatex switch (HO)
Package ifluatex Info: LuaTeX not detected.
Package: ifvtex 2016/05/16 v1.6 Detect VTeX and its facilities (HO)
Package ifvtex Info: VTeX not detected.
Package: intcalc 2016/05/16 v1.2 Expandable calculations with integers (HO)
Package: ifpdf 2016/05/14 v3.1 Provides the ifpdf switch
Package: etexcmds 2016/05/16 v1.6 Avoid name clashes with e-TeX commands (HO)
Package etexcmds Info: Could not find \expanded.
(etexcmds)             That can mean that you are not using pdfTeX 1.50 or
(etexcmds)             that some package has redefined \expanded.
(etexcmds)             In the latter case, load this package earlier.
Package: kvsetkeys 2016/05/16 v1.17 Key value parser (HO)
Package: kvdefinekeys 2016/05/16 v1.4 Define keys (HO)
Package: pdftexcmds 2016/05/21 v0.22 Utility functions of pdfTeX for LuaTeX (HO
)
Package pdftexcmds Info: LuaTeX not detected.
Package pdftexcmds Info: \pdf@primitive is available.
Package pdftexcmds Info: \pdf@ifprimitive is available.
Package pdftexcmds Info: \pdfdraftmode found.
Package: pdfescape 2016/05/16 v1.14 Implements pdfTeX's escape features (HO)
Package: bigintcalc 2016/05/16 v1.4 Expandable calculations on big integers (HO
)
Package: bitset 2016/05/16 v1.2 Handle bit-vector datatype (HO)
Package: uniquecounter 2016/05/16 v1.3 Provide unlimited unique counter (HO)
)
Package hobsub Info: Skipping package `hobsub' (already loaded).
Package: letltxmacro 2016/05/16 v1.5 Let assignment for LaTeX macros (HO)
Package: hopatch 2016/05/16 v1.3 Wrapper for package hooks (HO)
Package: xcolor-patch 2016/05/16 xcolor patch
Package: atveryend 2016/05/16 v1.9 Hooks at the very end of document (HO)
Package atveryend Info: \enddocument detected (standard20110627).
Package: atbegshi 2016/06/09 v1.18 At begin shipout hook (HO)
Package: refcount 2016/05/16 v3.5 Data extraction from label references (HO)
Package: hycolor 2016/05/16 v1.8 Color options for hyperref/bookmark (HO)
)
("C:\Program Files (x86)\MiKTeX 2.9\tex\latex\graphics\keyval.sty"
Package: keyval 2014/10/28 v1.15 key=value parser (DPC)
\KV@toks@=\toks14
)
("C:\Program Files (x86)\MiKTeX 2.9\tex\generic\ifxetex\ifxetex.sty"
Package: ifxetex 2010/09/12 v0.6 Provides ifxetex conditional
)
("C:\Program Files (x86)\MiKTeX 2.9\tex\latex\oberdiek\auxhook.sty"
Package: auxhook 2016/05/16 v1.4 Hooks for auxiliary files (HO)
)
("C:\Program Files (x86)\MiKTeX 2.9\tex\latex\oberdiek\kvoptions.sty"
Package: kvoptions 2016/05/16 v3.12 Key value format for package options (HO)
)
\@linkdim=\dimen103
\Hy@linkcounter=\count88
\Hy@pagecounter=\count89

("C:\Program Files (x86)\MiKTeX 2.9\tex\latex\hyperref\pd1enc.def"
File: pd1enc.def 2016/06/24 v6.83q Hyperref: PDFDocEncoding definition (HO)
)
\Hy@SavedSpaceFactor=\count90

("C:\Program Files (x86)\MiKTeX 2.9\tex\latex\00miktex\hyperref.cfg"
File: hyperref.cfg 2002/06/06 v1.2 hyperref configuration of TeXLive
)
Package hyperref Info: Option `final' set `true' on input line 4362.
Package hyperref Info: Hyper figures OFF on input line 4486.
Package hyperref Info: Link nesting OFF on input line 4491.
Package hyperref Info: Hyper index ON on input line 4494.
Package hyperref Info: Plain pages OFF on input line 4501.
Package hyperref Info: Backreferencing OFF on input line 4506.
Package hyperref Info: Implicit mode ON; LaTeX internals redefined.
Package hyperref Info: Bookmarks ON on input line 4735.
\c@Hy@tempcnt=\count91

("C:\Program Files (x86)\MiKTeX 2.9\tex\latex\url\url.sty"
\Urlmuskip=\muskip10
Package: url 2013/09/16  ver 3.4  Verb mode for urls, etc.
)
LaTeX Info: Redefining \url on input line 5088.
\XeTeXLinkMargin=\dimen104
\Fld@menulength=\count92
\Field@Width=\dimen105
\Fld@charsize=\dimen106
Package hyperref Info: Hyper figures OFF on input line 6342.
Package hyperref Info: Link nesting OFF on input line 6347.
Package hyperref Info: Hyper index ON on input line 6350.
Package hyperref Info: backreferencing OFF on input line 6357.
Package hyperref Info: Link coloring OFF on input line 6362.
Package hyperref Info: Link coloring with OCG OFF on input line 6367.
Package hyperref Info: PDF/A mode OFF on input line 6372.
LaTeX Info: Redefining \ref on input line 6412.
LaTeX Info: Redefining \pageref on input line 6416.
\Hy@abspage=\count93
\c@Item=\count94
\c@Hfootnote=\count95
)

Package hyperref Message: Driver (autodetected): hpdftex.

("C:\Program Files (x86)\MiKTeX 2.9\tex\latex\hyperref\hpdftex.def"
File: hpdftex.def 2016/06/24 v6.83q Hyperref driver for pdfTeX
\Fld@listcount=\count96
\c@bookmark@seq@number=\count97

("C:\Program Files (x86)\MiKTeX 2.9\tex\latex\oberdiek\rerunfilecheck.sty"
Package: rerunfilecheck 2016/05/16 v1.8 Rerun checks for auxiliary files (HO)
Package uniquecounter Info: New unique counter `rerunfilecheck' on input line 2
82.
)
\Hy@SectionHShift=\skip43
)

Package hyperref Warning: Option `a4paper' is no longer used.

Package hyperref Info: Option `colorlinks' set `false' on input line 64.
Package hyperref Info: Option `bookmarksopen' set `false' on input line 64.
Package hyperref Info: Option `bookmarksnumbered' set `true' on input line 64.
("C:\Program Files (x86)\MiKTeX 2.9\tex\latex\multirow\multirow.sty"
Package: multirow 2016/11/25 v2.2 Span multiple rows of a table
\multirow@colwidth=\skip44
\multirow@cntb=\count98
\multirow@dima=\skip45
\bigstrutjot=\dimen107
)
("C:\Program Files (x86)\MiKTeX 2.9\tex\latex\graphics\graphicx.sty"
Package: graphicx 2014/10/28 v1.0g Enhanced LaTeX Graphics (DPC,SPQR)

("C:\Program Files (x86)\MiKTeX 2.9\tex\latex\graphics\graphics.sty"
Package: graphics 2016/10/09 v1.0u Standard LaTeX Graphics (DPC,SPQR)

("C:\Program Files (x86)\MiKTeX 2.9\tex\latex\graphics\trig.sty"
Package: trig 2016/01/03 v1.10 sin cos tan (DPC)
)
("C:\Program Files (x86)\MiKTeX 2.9\tex\latex\graphics-cfg\graphics.cfg"
File: graphics.cfg 2016/06/04 v1.11 sample graphics configuration
)
Package graphics Info: Driver file: pdftex.def on input line 99.

("C:\Program Files (x86)\MiKTeX 2.9\tex\latex\graphics-def\pdftex.def"
File: pdftex.def 2017/01/12 v0.06k Graphics/color for pdfTeX
\Gread@gobject=\count99
))
\Gin@req@height=\dimen108
\Gin@req@width=\dimen109
)
("C:\Program Files (x86)\MiKTeX 2.9\tex\latex\setspace\setspace.sty"
Package: setspace 2011/12/19 v6.7a set line spacing
)
("C:\Program Files (x86)\MiKTeX 2.9\tex\latex\geometry\geometry.sty"
Package: geometry 2010/09/12 v5.6 Page Geometry
\Gm@cnth=\count100
\Gm@cntv=\count101
\c@Gm@tempcnt=\count102
\Gm@bindingoffset=\dimen110
\Gm@wd@mp=\dimen111
\Gm@odd@mp=\dimen112
\Gm@even@mp=\dimen113
\Gm@layoutwidth=\dimen114
\Gm@layoutheight=\dimen115
\Gm@layouthoffset=\dimen116
\Gm@layoutvoffset=\dimen117
\Gm@dimlist=\toks15

("C:\Program Files (x86)\MiKTeX 2.9\tex\latex\geometry\geometry.cfg"))
("C:\Program Files (x86)\MiKTeX 2.9\tex\latex\caption\caption.sty"
Package: caption 2016/02/21 v3.3-144 Customizing captions (AR)

("C:\Program Files (x86)\MiKTeX 2.9\tex\latex\caption\caption3.sty"
Package: caption3 2016/05/22 v1.7-166 caption3 kernel (AR)
Package caption3 Info: TeX engine: e-TeX on input line 67.
\captionmargin=\dimen118
\captionmargin@=\dimen119
\captionwidth=\dimen120
\caption@tempdima=\dimen121
\caption@indent=\dimen122
\caption@parindent=\dimen123
\caption@hangindent=\dimen124
)
\c@ContinuedFloat=\count103
Package caption Info: hyperref package is loaded.
)
("C:\Program Files (x86)\MiKTeX 2.9\tex\latex\subfloat\subfloat.sty"
Package: subfloat 2003/08/21 version 2.14

Package `subfloat', Version 2.14 of 2003/08/21.

Package subfloat Warning: Numbers of floats not counted:
(subfloat)                If you use one of the counters subfloatfiguremax or
(subfloat)                subfloattablemax you will get strange error messages
(subfloat)                containing \c@subfloatfiguremax or
(subfloat)                \c@subfloattablemax:
(subfloat)                Please switch on countmax or remove the code using
(subfloat)                the counter then..

) ("C:\Program Files (x86)\MiKTeX 2.9\tex\latex\pslatex\pslatex.sty"
Package: pslatex 1996/07/24 v1.2 pslatex emulation (DPC)
LaTeX Font Info:    Redeclaring symbol font `operators' on input line 65.
LaTeX Font Info:    Overwriting symbol font `operators' in version `normal'
(Font)                  OT1/cmr/m/n --> OT1/ptmcm/m/n on input line 65.
LaTeX Font Info:    Overwriting symbol font `operators' in version `bold'
(Font)                  OT1/cmr/bx/n --> OT1/ptmcm/m/n on input line 65.
LaTeX Font Info:    Redeclaring symbol font `letters' on input line 66.
LaTeX Font Info:    Overwriting symbol font `letters' in version `normal'
(Font)                  OML/cmm/m/it --> OML/ptmcm/m/it on input line 66.
LaTeX Font Info:    Overwriting symbol font `letters' in version `bold'
(Font)                  OML/cmm/b/it --> OML/ptmcm/m/it on input line 66.
LaTeX Font Info:    Redeclaring symbol font `symbols' on input line 67.
LaTeX Font Info:    Overwriting symbol font `symbols' in version `normal'
(Font)                  OMS/cmsy/m/n --> OMS/pzccm/m/n on input line 67.
LaTeX Font Info:    Overwriting symbol font `symbols' in version `bold'
(Font)                  OMS/cmsy/b/n --> OMS/pzccm/m/n on input line 67.
LaTeX Font Info:    Redeclaring symbol font `largesymbols' on input line 68.
LaTeX Font Info:    Overwriting symbol font `largesymbols' in version `normal'
(Font)                  OMX/cmex/m/n --> OMX/psycm/m/n on input line 68.
LaTeX Font Info:    Overwriting symbol font `largesymbols' in version `bold'
(Font)                  OMX/cmex/m/n --> OMX/psycm/m/n on input line 68.
\symbold=\mathgroup4
\symitalic=\mathgroup5
LaTeX Font Info:    Redeclaring math alphabet \mathbf on input line 74.
LaTeX Font Info:    Overwriting math alphabet `\mathbf' in version `normal'
(Font)                  OT1/cmr/bx/n --> OT1/ptm/bx/n on input line 74.
LaTeX Font Info:    Overwriting math alphabet `\mathbf' in version `bold'
(Font)                  OT1/cmr/bx/n --> OT1/ptm/bx/n on input line 74.
LaTeX Font Info:    Redeclaring math alphabet \mathit on input line 75.
LaTeX Font Info:    Overwriting math alphabet `\mathit' in version `normal'
(Font)                  OT1/cmr/m/it --> OT1/ptm/m/it on input line 75.
LaTeX Font Info:    Overwriting math alphabet `\mathit' in version `bold'
(Font)                  OT1/cmr/bx/it --> OT1/ptm/m/it on input line 75.
)
("C:\Program Files (x86)\MiKTeX 2.9\tex\latex\pdfpages\pdfpages.sty"
Package: pdfpages 2017/01/14 v0.5h Insert pages of external PDF documents (AM)

("C:\Program Files (x86)\MiKTeX 2.9\tex\latex\base\ifthen.sty"
Package: ifthen 2014/09/29 v1.1c Standard LaTeX ifthen package (DPC)
)
("C:\Program Files (x86)\MiKTeX 2.9\tex\latex\tools\calc.sty"
Package: calc 2014/10/28 v4.3 Infix arithmetic (KKT,FJ)
\calc@Acount=\count104
\calc@Bcount=\count105
\calc@Adimen=\dimen125
\calc@Bdimen=\dimen126
\calc@Askip=\skip46
\calc@Bskip=\skip47
LaTeX Info: Redefining \setlength on input line 80.
LaTeX Info: Redefining \addtolength on input line 81.
\calc@Ccount=\count106
\calc@Cskip=\skip48
)
("C:\Program Files (x86)\MiKTeX 2.9\tex\latex\eso-pic\eso-pic.sty"
Package: eso-pic 2015/07/21 v2.0g eso-pic (RN)

("C:\Program Files (x86)\MiKTeX 2.9\tex\latex\xcolor\xcolor.sty"
Package: xcolor 2016/05/11 v2.12 LaTeX color extensions (UK)

("C:\Program Files (x86)\MiKTeX 2.9\tex\latex\graphics-cfg\color.cfg"
File: color.cfg 2016/01/02 v1.6 sample color configuration
)
Package xcolor Info: Driver file: pdftex.def on input line 225.
Package xcolor Info: Model `cmy' substituted by `cmy0' on input line 1348.
Package xcolor Info: Model `hsb' substituted by `rgb' on input line 1352.
Package xcolor Info: Model `RGB' extended on input line 1364.
Package xcolor Info: Model `HTML' substituted by `rgb' on input line 1366.
Package xcolor Info: Model `Hsb' substituted by `hsb' on input line 1367.
Package xcolor Info: Model `tHsb' substituted by `hsb' on input line 1368.
Package xcolor Info: Model `HSB' substituted by `hsb' on input line 1369.
Package xcolor Info: Model `Gray' substituted by `gray' on input line 1370.
Package xcolor Info: Model `wave' substituted by `hsb' on input line 1371.
))
\AM@pagewidth=\dimen127
\AM@pageheight=\dimen128

("C:\Program Files (x86)\MiKTeX 2.9\tex\latex\pdfpages\pppdftex.def"
File: pppdftex.def 2017/01/14 v0.5h Pdfpages driver for pdfTeX (AM)
)
\AM@pagebox=\box26
\AM@global@opts=\toks16
\AM@toc@title=\toks17
\c@AM@survey=\count107
\AM@templatesizebox=\box27
)
(fncychap.sty
Package: fncychap 2007/07/30 v1.34 LaTeX package (Revised chapters)
\RW=\skip49
\mylen=\skip50
\myhi=\skip51
\px=\skip52
\py=\skip53
\pyy=\skip54
\pxx=\skip55
)
("C:\Program Files (x86)\MiKTeX 2.9\tex\latex\colortbl\colortbl.sty"
Package: colortbl 2012/02/13 v1.0a Color table columns (DPC)

("C:\Program Files (x86)\MiKTeX 2.9\tex\latex\tools\array.sty"
Package: array 2016/10/06 v2.4d Tabular extension package (FMi)
\col@sep=\dimen129
\extrarowheight=\dimen130
\NC@list=\toks18
\extratabsurround=\skip56
\backup@length=\skip57
)
\everycr=\toks19
\minrowclearance=\skip58
)
("C:\Program Files (x86)\MiKTeX 2.9\tex\latex\float\float.sty"
Package: float 2001/11/08 v1.3d Float enhancements (AL)
\c@float@type=\count108
\float@exts=\toks20
\float@box=\box28
\@float@everytoks=\toks21
\@floatcapt=\box29
) (fontenc.sty
Package: fontenc 2005/09/27 v1.99g Standard LaTeX package

("C:\Program Files (x86)\MiKTeX 2.9\tex\latex\base\t1enc.def"
File: t1enc.def 2017/01/24 v2.0c Standard LaTeX file
LaTeX Font Info:    Redeclaring font encoding T1 on input line 48.
))
("C:\Program Files (x86)\MiKTeX 2.9\tex\latex\fancyhdr\fancyhdr.sty"
Package: fancyhdr 2016/09/06 3.8 Extensive control of page headers and footers
\fancy@headwidth=\skip59
\f@ncyO@elh=\skip60
\f@ncyO@erh=\skip61
\f@ncyO@olh=\skip62
\f@ncyO@orh=\skip63
\f@ncyO@elf=\skip64
\f@ncyO@erf=\skip65
\f@ncyO@olf=\skip66
\f@ncyO@orf=\skip67
)
("C:\Program Files (x86)\MiKTeX 2.9\tex\latex\listings\listings.sty"
\lst@mode=\count109
\lst@gtempboxa=\box30
\lst@token=\toks22
\lst@length=\count110
\lst@currlwidth=\dimen131
\lst@column=\count111
\lst@pos=\count112
\lst@lostspace=\dimen132
\lst@width=\dimen133
\lst@newlines=\count113
\lst@lineno=\count114
\lst@maxwidth=\dimen134

("C:\Program Files (x86)\MiKTeX 2.9\tex\latex\listings\lstmisc.sty"
File: lstmisc.sty 2015/06/04 1.6 (Carsten Heinz)
\c@lstnumber=\count115
\lst@skipnumbers=\count116
\lst@framebox=\box31
)
("C:\Program Files (x86)\MiKTeX 2.9\tex\latex\listings\listings.cfg"
File: listings.cfg 2015/06/04 1.6 listings configuration
))
Package: listings 2015/06/04 1.6 (Carsten Heinz)

("C:\Program Files (x86)\MiKTeX 2.9\tex\latex\listings\lstlang1.sty"
File: lstlang1.sty 2015/06/04 1.6 listings language file
)
("C:\Program Files (x86)\MiKTeX 2.9\tex\latex\listings\lstmisc.sty"
File: lstmisc.sty 2015/06/04 1.6 (Carsten Heinz)
)
("C:\Program Files (x86)\MiKTeX 2.9\tex\latex\fancyvrb\fancyvrb.sty"
Package: fancyvrb 2008/02/07

Style option: `fancyvrb' v2.7a, with DG/SPQR fixes, and firstline=lastline fix 
<2008/02/07> (tvz)
\FV@CodeLineNo=\count117
\FV@InFile=\read1
\FV@TabBox=\box32
\c@FancyVerbLine=\count118
\FV@StepNumber=\count119
\FV@OutFile=\write3
)
("C:\Program Files (x86)\MiKTeX 2.9\tex\latex\tools\hhline.sty"
Package: hhline 2014/10/28 v2.03 Table rule package (DPC)
)
("C:\Program Files (x86)\MiKTeX 2.9\tex\latex\oberdiek\pdflscape.sty"
Package: pdflscape 2016/05/14 v0.11 Display of landscape pages in PDF (HO)

("C:\Program Files (x86)\MiKTeX 2.9\tex\latex\graphics\lscape.sty"
Package: lscape 2000/10/22 v3.01 Landscape Pages (DPC)
)
Package pdflscape Info: Auto-detected driver: pdftex on input line 81.
))
("C:\Program Files (x86)\MiKTeX 2.9\tex\latex\tools\longtable.sty"
Package: longtable 2014/10/28 v4.11 Multi-page Table package (DPC)
\LTleft=\skip68
\LTright=\skip69
\LTpre=\skip70
\LTpost=\skip71
\LTchunksize=\count120
\LTcapwidth=\dimen135
\LT@head=\box33
\LT@firsthead=\box34
\LT@foot=\box35
\LT@lastfoot=\box36
\LT@cols=\count121
\LT@rows=\count122
\c@LT@tables=\count123
\c@LT@chunks=\count124
\LT@p@ftn=\toks23
)
("C:\Program Files (x86)\MiKTeX 2.9\tex\latex\natbib\natbib.sty"
Package: natbib 2010/09/13 8.31b (PWD, AO)
\bibhang=\skip72
\bibsep=\skip73
LaTeX Info: Redefining \cite on input line 694.
\c@NAT@ctr=\count125
)
("C:\Program Files (x86)\MiKTeX 2.9\tex\latex\import\import.sty"
Package: import 2009/03/23  v 5.1
)
(laporan_setting.tex)
\@input{hype.indonesia.aux}
\openout2 = `hype.indonesia.aux'.

(hype.indonesia.tex) (istilah.tex) (skripsi.aux (sampul.aux) (judul_dalam.aux)
(orisinal.aux) (pengesahan_sidang.aux) (pengantar.aux)
(persetujuan_publikasi.aux) (abstrak.aux) (abstract.aux) (bab1-pendahuluan.aux)
(bab2-landasan-teori.aux

LaTeX Warning: Label `tab:tab1' multiply defined.

) (bab3-aplikasi-digunakan.aux

LaTeX Warning: Label `tab:tab1' multiply defined.

) (bab4-rancangan-dan-analisis.aux

LaTeX Warning: Label `tab:tab1' multiply defined.


LaTeX Warning: Label `tab:tab1' multiply defined.

) (bab5-implementasi-dan-pengujian.aux) (markLampiran.aux) (lampiran.aux))
\openout1 = `skripsi.aux'.

LaTeX Font Info:    Checking defaults for OML/cmm/m/it on input line 34.
LaTeX Font Info:    ... okay on input line 34.
LaTeX Font Info:    Checking defaults for T1/cmr/m/n on input line 34.
LaTeX Font Info:    ... okay on input line 34.
LaTeX Font Info:    Checking defaults for OT1/cmr/m/n on input line 34.
LaTeX Font Info:    ... okay on input line 34.
LaTeX Font Info:    Checking defaults for OMS/pzccm/m/n on input line 34.
LaTeX Font Info:    Try loading font information for OMS+pzccm on input line 34
.

("C:\Program Files (x86)\MiKTeX 2.9\tex\latex\psnfss\omspzccm.fd"
File: omspzccm.fd 2000/01/03 Fontinst v1.801 font definitions for OMS/pzccm.
)
LaTeX Font Info:    ... okay on input line 34.
LaTeX Font Info:    Checking defaults for OMX/cmex/m/n on input line 34.
LaTeX Font Info:    ... okay on input line 34.
LaTeX Font Info:    Checking defaults for U/cmr/m/n on input line 34.
LaTeX Font Info:    ... okay on input line 34.
LaTeX Font Info:    Checking defaults for PD1/pdf/m/n on input line 34.
LaTeX Font Info:    ... okay on input line 34.
\AtBeginShipoutBox=\box37
Package hyperref Info: Link coloring OFF on input line 34.

("C:\Program Files (x86)\MiKTeX 2.9\tex\latex\hyperref\nameref.sty"
Package: nameref 2016/05/21 v2.44 Cross-referencing by name of section

("C:\Program Files (x86)\MiKTeX 2.9\tex\generic\oberdiek\gettitlestring.sty"
Package: gettitlestring 2016/05/16 v1.5 Cleanup title references (HO)
)
\c@section@level=\count126
)
LaTeX Info: Redefining \ref on input line 34.
LaTeX Info: Redefining \pageref on input line 34.
LaTeX Info: Redefining \nameref on input line 34.

(skripsi.out) (skripsi.out)
\@outlinefile=\write4
\openout4 = `skripsi.out'.


("C:\Program Files (x86)\MiKTeX 2.9\tex\context\base\supp-pdf.mkii"
[Loading MPS to PDF converter (version 2006.09.02).]
\scratchcounter=\count127
\scratchdimen=\dimen136
\scratchbox=\box38
\nofMPsegments=\count128
\nofMParguments=\count129
\everyMPshowfont=\toks24
\MPscratchCnt=\count130
\MPscratchDim=\dimen137
\MPnumerator=\count131
\makeMPintoPDFobject=\count132
\everyMPtoPDFconversion=\toks25
) ("C:\Program Files (x86)\MiKTeX 2.9\tex\latex\oberdiek\epstopdf-base.sty"
Package: epstopdf-base 2016/05/15 v2.6 Base part for package epstopdf

("C:\Program Files (x86)\MiKTeX 2.9\tex\latex\oberdiek\grfext.sty"
Package: grfext 2016/05/16 v1.2 Manage graphics extensions (HO)
)
Package epstopdf-base Info: Redefining graphics rule for `.eps' on input line 4
38.
Package grfext Info: Graphics extension search list:
(grfext)             [.png,.pdf,.jpg,.mps,.jpeg,.jbig2,.jb2,.PNG,.PDF,.JPG,.JPE
G,.JBIG2,.JB2,.eps]
(grfext)             \AppendGraphicsExtensions on input line 456.
)
*geometry* driver: auto-detecting
*geometry* detected driver: pdftex
*geometry* verbose mode - [ preamble ] result:
* driver: pdftex
* paper: a4paper
* layout: <same size as paper>
* layoutoffset:(h,v)=(0.0pt,0.0pt)
* modes: 
* h-part:(L,W,R)=(113.81102pt, 398.3386pt, 85.35826pt)
* v-part:(T,H,B)=(85.35826pt, 674.33032pt, 85.35826pt)
* \paperwidth=597.50787pt
* \paperheight=845.04684pt
* \textwidth=398.3386pt
* \textheight=674.33032pt
* \oddsidemargin=41.54103pt
* \evensidemargin=41.54103pt
* \topmargin=-11.91173pt
* \headheight=0.0pt
* \headsep=25.0pt
* \topskip=12.0pt
* \footskip=30.0pt
* \marginparwidth=35.0pt
* \marginparsep=10.0pt
* \columnsep=10.0pt
* \skip\footins=10.8pt plus 4.0pt minus 2.0pt
* \hoffset=0.0pt
* \voffset=0.0pt
* \mag=1000
* \@twocolumnfalse
* \@twosidefalse
* \@mparswitchfalse
* \@reversemarginfalse
* (1in=72.27pt=25.4mm, 1cm=28.453pt)

Package caption Info: Begin \AtBeginDocument code.
Package caption Info: float package is loaded.
Package caption Info: listings package is loaded.
Package caption Info: longtable package is loaded.
("C:\Program Files (x86)\MiKTeX 2.9\tex\latex\caption\ltcaption.sty"
Package: ltcaption 2013/06/09 v1.4-94 longtable captions (AR)
)
Package caption Info: End \AtBeginDocument code.
\c@lstlisting=\count133
\openout2 = `sampul.aux'.


(sampul.tex <pics/makara.png, id=292, 154.86429pt x 154.34807pt>
File: pics/makara.png Graphic file (type png)

<use pics/makara.png>
Package pdftex.def Info: pics/makara.png used on input line 14.
(pdftex.def)             Requested size: 71.13188pt x 70.89497pt.
LaTeX Font Info:    Font shape `T1/ptm/bx/n' in size <12> not available
(Font)              Font shape `T1/ptm/b/n' tried instead on input line 20.
 [1




{C:/ProgramData/MiKTeX/2.9/pdftex/config/pdftex.map} <./pics/makara.png>])
\openout2 = `judul_dalam.aux'.

 (judul_dalam.tex
File: pics/makara.png Graphic file (type png)
 <use pics/makara.png>
Package pdftex.def Info: pics/makara.png used on input line 12.
(pdftex.def)             Requested size: 71.13188pt x 70.89497pt.
 [1


])
\openout2 = `orisinal.aux'.

 (orisinal.tex
LaTeX Font Info:    Font shape `T1/ptm/bx/n' in size <14.4> not available
(Font)              Font shape `T1/ptm/b/n' tried instead on input line 8.
LaTeX Font Info:    Try loading font information for OT1+ptmcm on input line 17
.

("C:\Program Files (x86)\MiKTeX 2.9\tex\latex\psnfss\ot1ptmcm.fd"
File: ot1ptmcm.fd 2000/01/03 Fontinst v1.801 font definitions for OT1/ptmcm.
)
LaTeX Font Info:    Try loading font information for OML+ptmcm on input line 17
.

("C:\Program Files (x86)\MiKTeX 2.9\tex\latex\psnfss\omlptmcm.fd"
File: omlptmcm.fd 2000/01/03 Fontinst v1.801 font definitions for OML/ptmcm.
)
LaTeX Font Info:    Try loading font information for OMX+psycm on input line 17
.

("C:\Program Files (x86)\MiKTeX 2.9\tex\latex\psnfss\omxpsycm.fd"
File: omxpsycm.fd 2000/01/03 Fontinst v1.801 font definitions for OMX/psycm.
)
LaTeX Font Info:    Font shape `OT1/ptm/bx/n' in size <12> not available
(Font)              Font shape `OT1/ptm/b/n' tried instead on input line 17.
LaTeX Font Info:    Font shape `OT1/ptm/bx/n' in size <9> not available
(Font)              Font shape `OT1/ptm/b/n' tried instead on input line 17.
LaTeX Font Info:    Font shape `OT1/ptm/bx/n' in size <7> not available
(Font)              Font shape `OT1/ptm/b/n' tried instead on input line 17.
 [2



])
\openout2 = `pengesahan_sidang.aux'.


(pengesahan_sidang.tex
Underfull \hbox (badness 2903) in paragraph at lines 19--20
[]|\T1/ptm/m/n/12 Penerapan Metode Pem-be-la-jaran Berba-sis Game
 []


Overfull \hbox (40.45895pt too wide) in paragraph at lines 13--21
[] 
 []


Underfull \hbox (badness 10000) in paragraph at lines 13--21

 []


Underfull \hbox (badness 10000) in paragraph at lines 24--28

 []


Overfull \hbox (39.47818pt too wide) in paragraph at lines 35--45
[][] 
 []


Underfull \hbox (badness 10000) in paragraph at lines 35--45

 []

[3



])

Package hyperref Warning: Token not allowed in a PDF string (PDFDocEncoding):
(hyperref)                removing `\uppercase' on input line 66.

\openout2 = `pengantar.aux'.

(pengantar.tex) [4



]
\openout2 = `persetujuan_publikasi.aux'.

 (persetujuan_publikasi.tex
Underfull \hbox (badness 10000) in paragraph at lines 30--36

 []

[5



])
\openout2 = `abstrak.aux'.

 (abstrak.tex
Underfull \hbox (badness 10000) in paragraph at lines 12--17

 []


Underfull \hbox (badness 10000) in paragraph at lines 25--27

 []

[6



])
\openout2 = `abstract.aux'.

 (abstract.tex
Underfull \hbox (badness 10000) in paragraph at lines 12--17

 []


Underfull \hbox (badness 10000) in paragraph at lines 25--27

 []

[7



]) (skripsi.toc [8


]
LaTeX Font Info:    Font shape `T1/ptm/bx/it' in size <12> not available
(Font)              Font shape `T1/ptm/b/it' tried instead on input line 71.


Package Fancyhdr Warning: \headheight is too small (0.0pt): 
 Make it at least 14.49998pt.
 We now make it that large for the rest of the document.
 This may cause the page layout to be inconsistent, however.

LaTeX Font Info:    Font shape `T1/ptm/bx/n' in size <10> not available
(Font)              Font shape `T1/ptm/b/n' tried instead on input line 72.
LaTeX Font Info:    Font shape `T1/phv/bx/n' in size <10> not available
(Font)              Font shape `T1/phv/b/n' tried instead on input line 72.
LaTeX Font Info:    Font shape `T1/phv/b/n' will be
(Font)              scaled to size 8.99994pt on input line 72.
[9])
\tf@toc=\write5
\openout5 = `skripsi.toc'.



Package Fancyhdr Warning: \headheight is too small (0.0pt): 
 Make it at least 14.49998pt.
 We now make it that large for the rest of the document.
 This may cause the page layout to be inconsistent, however.

[10] (skripsi.lof [11


]

Package natbib Warning: Citation `article.sauroWhat' on page xii undefined on i
nput line 42.

)
\tf@lof=\write6
\openout6 = `skripsi.lof'.



Package Fancyhdr Warning: \headheight is too small (0.0pt): 
 Make it at least 14.49998pt.
 We now make it that large for the rest of the document.
 This may cause the page layout to be inconsistent, however.

[12] (skripsi.lot)
\tf@lot=\write7
\openout7 = `skripsi.lot'.

 [13


]
\openout2 = `bab1-pendahuluan.aux'.

 (bab1-pendahuluan.tex
BAB 1.

Package hyperref Warning: Token not allowed in a PDF string (PDFDocEncoding):
(hyperref)                removing `\uppercase' on input line 2.


Package natbib Warning: Citation `article.simak' on page 1 undefined on input l
ine 15.


Package natbib Warning: Citation `paper.christoper' on page 1 undefined on inpu
t line 17.


Package natbib Warning: Citation `paper.lee' on page 1 undefined on input line 
21.


Package natbib Warning: Citation `paper.Kirriemuir' on page 1 undefined on inpu
t line 31.


Underfull \hbox (badness 5475) in paragraph at lines 10--33
\T1/ptm/m/n/12 Pada era teknologi seperti saat ini, teknologi in-for-masi meru-
pakan se-
 []


Underfull \hbox (badness 1983) in paragraph at lines 10--33
\T1/ptm/m/n/12 buah hal yang tidak bisa lepas dari kegiatan ke-se-har-ian pada 
masyarakat.
 []


Underfull \hbox (badness 10000) in paragraph at lines 10--33
\T1/ptm/m/n/12 Hal ini ter-li-hat de-ngan banyaknya kegiatan masyarakat yang me
ng-gu-
 []


Underfull \hbox (badness 6808) in paragraph at lines 10--33
\T1/ptm/m/n/12 nakan teknologi in-for-masi se-ba-gai alat bantu dalam menger-ja
an peker-
 []


Underfull \hbox (badness 1888) in paragraph at lines 10--33
\T1/ptm/m/n/12 jaan mereka. Se-ba-gai con-toh se-o-rang pe-gawai kan-tor meng-g
u-nakan apli-
 []


Underfull \hbox (badness 10000) in paragraph at lines 10--33
\T1/ptm/m/n/12 kasi tele-pon genggam seperti \T1/ptm/m/it/12 video game \T1/ptm
/m/n/12 un-tuk meng-habiskan waktu
 []


Underfull \hbox (badness 4518) in paragraph at lines 10--33
\T1/ptm/m/n/12 di saat me-nunggu atau menghi-langkan rasa bosan saat sedang is-
ti-ra-hat.
 []


Underfull \hbox (badness 10000) in paragraph at lines 10--33

 []


Underfull \hbox (badness 10000) in paragraph at lines 10--33
\T1/ptm/m/n/12 Teknologi in-for-masi be-gitu mu-dah di-da-p-atkan oleh masyarak
at dan
 []


Underfull \hbox (badness 10000) in paragraph at lines 10--33
\T1/ptm/m/n/12 mem-per-mu-dah dalam melakukan ak-tiv-i-tas. In-for-masi de-ngan
 meng-
 []


Underfull \hbox (badness 10000) in paragraph at lines 10--33
\T1/ptm/m/n/12 gu-nakan perangkat keras maupun perangkat lu-nak. Tu-juan terse-

 []


Underfull \hbox (badness 10000) in paragraph at lines 10--33
\T1/ptm/m/n/12 but bisa dikatakan berhasil de-ngan be-gitu pop-ulernya teknolog
i in-for-
 []


Underfull \hbox (badness 6016) in paragraph at lines 10--33
\T1/ptm/m/n/12 masi dalam masyarakat karena banyak mem-bantu peker-jaan masyara
kat.
 []


Underfull \hbox (badness 10000) in paragraph at lines 10--33

 []


Underfull \hbox (badness 10000) in paragraph at lines 10--33

 []


Underfull \hbox (badness 1742) in paragraph at lines 10--33
\T1/ptm/m/n/12 Christo-pher (\T1/ptm/b/n/12 ?\T1/ptm/m/n/12 ) men-gungkap-kan d
asar dasar pem-ro-gra-man meru-pakan se-
 []


Underfull \hbox (badness 1540) in paragraph at lines 10--33
\T1/ptm/m/n/12 bukan men-ga-jarkan bagaimana cara meng-gu-nakan se-buah ba-hasa
 pem-ro-gra-
 []


Underfull \hbox (badness 1168) in paragraph at lines 10--33
\T1/ptm/m/n/12 man. Logika matem-atika mem-buat perkem-ban-gan pem-ro-gra-man j
auh lebih
 []


Underfull \hbox (badness 10000) in paragraph at lines 10--33

 []


Underfull \hbox (badness 2111) in paragraph at lines 10--33
\T1/ptm/m/n/12 Dasar dasar pem-ro-gra-man di-a-jarkan kepada ma-ha-siswa Uni-ve
r-si-tas In-done-
 []


Underfull \hbox (badness 1147) in paragraph at lines 10--33
\T1/ptm/m/n/12 be-be-rapa wawan-cara kepada ma-ha-siswa yang mengam-bil mata ku
-liah Dasar
 []


Underfull \hbox (badness 1460) in paragraph at lines 10--33
\T1/ptm/m/n/12 Dasar Pem-ro-gra-man. Ma-teri yang sedikit diberikan oleh pem-bi
mb-ing dan
 []


Underfull \hbox (badness 10000) in paragraph at lines 10--33

 []


Underfull \hbox (badness 10000) in paragraph at lines 10--33

 []


Underfull \hbox (badness 4193) in paragraph at lines 10--33
\T1/ptm/m/n/12 Penye-bab pan-dan-gan yang bu-ruk karena masyarakat meli-hat se-
buah per-
 []


Underfull \hbox (badness 1270) in paragraph at lines 10--33
\T1/ptm/m/n/12 menyalahkan per-mainan video se-ba-gai penye-bab dari tin-dak ke
-ja-hatan yang
 []


Underfull \hbox (badness 10000) in paragraph at lines 10--33

 []


Underfull \hbox (badness 1502) in paragraph at lines 10--33
\T1/ptm/m/n/12 Hal terse-but men-jadi salah satu be-ban piki-ran pe-me-rin-tah 
In-done-sia. Ke-
 []


Underfull \hbox (badness 1838) in paragraph at lines 10--33
\T1/ptm/m/n/12 se-buah so-lusi \T1/ptm/m/it/12 video game \T1/ptm/m/n/12 yang b
eredar harus sesuai de-ngan kat-e-gori usia
 []


Underfull \hbox (badness 2221) in paragraph at lines 10--33
\T1/ptm/m/n/12 dan men-can-tumkan kat-e-gori terse-but dalam pen-jualan \T1/ptm
/m/it/12 video game \T1/ptm/m/n/12 mereka.
 []


Underfull \hbox (badness 3128) in paragraph at lines 10--33
\T1/ptm/m/n/12 Seperti yang di-je-laskan pada Per-at-u-ran Menteri No.11 \T1/pt
m/m/it/12 video game \T1/ptm/m/n/12 da-pat
 []


Underfull \hbox (badness 10000) in paragraph at lines 10--33

 []


Underfull \hbox (badness 3158) in paragraph at lines 10--33
\T1/ptm/m/n/12 Sete-lah adanya reg-u-lasi dari pe-me-rin-tah terkait isu yang b
erkem-bang di-
 []


Underfull \hbox (badness 10000) in paragraph at lines 10--33

 []


Underfull \hbox (badness 1168) in paragraph at lines 10--33
\T1/ptm/m/n/12 Pe-ngem-bangan dan riset me-nge-nai \T1/ptm/m/it/12 video game \
T1/ptm/m/n/12 dalam bidang pen-didikan di
 []


Underfull \hbox (badness 10000) in paragraph at lines 10--33

 []


Underfull \hbox (badness 1546) in paragraph at lines 10--33
\T1/ptm/m/n/12 Kir-riemuir (\T1/ptm/b/n/12 ?\T1/ptm/m/n/12 ), men-e-mukan be-be
-rapa kendala dalam mengem-bangkan \T1/ptm/m/it/12 video
 []


Underfull \hbox (badness 1527) in paragraph at lines 10--33
\T1/ptm/m/it/12 game \T1/ptm/m/n/12 dalam bidang pen-didikan. Hal yang mem-per-
sulit adalah melakukan
 []


Underfull \hbox (badness 4543) in paragraph at lines 10--33
\T1/ptm/m/n/12 iden-ti-fikasi ten-tang apa saja kom-po-nen yang dibu-tuhkan dal
am pe-ngem-
 []


Underfull \hbox (badness 4366) in paragraph at lines 10--33
\T1/ptm/m/n/12 bangan se-buah \T1/ptm/m/it/12 video game \T1/ptm/m/n/12 un-tuk 
dunia pen-didikan yang sesuai de-ngan
 []


Underfull \hbox (badness 7047) in paragraph at lines 10--33
\T1/ptm/m/n/12 kuriku-lum, melakukan sosial-isasi kepada pi-hak terkait ten-tan
g ke-un-tun-
 []


Underfull \hbox (badness 2653) in paragraph at lines 10--33
\T1/ptm/m/n/12 gan dalam meng-gu-nakan \T1/ptm/m/it/12 video game \T1/ptm/m/n/1
2 dalam proses be-la-jar men-ga-jar, ku-
 []


Underfull \hbox (badness 1325) in paragraph at lines 10--33
\T1/ptm/m/n/12 rangnya waktu un-tuk men-er-ap-kan metode pem-be-la-jaran de-nga
n \T1/ptm/m/it/12 video game
 []


Underfull \hbox (badness 2293) in paragraph at lines 10--33
\T1/ptm/m/n/12 se-hingga hasil yang di-inginkan tidak da-pat mak-si-mal dari pe
ng-gu-naan-nya.
 []


Underfull \hbox (badness 10000) in paragraph at lines 10--33

 []


Underfull \hbox (badness 10000) in paragraph at lines 10--33

 []

pdfTeX warning (ext4): destination with the same identifier (name{page.1}) has 
been already used, duplicate ignored
<to be read again> 
                   \relax 
l.33 
      [1



]

Package Fancyhdr Warning: \headheight is too small (0.0pt): 
 Make it at least 14.49998pt.
 We now make it that large for the rest of the document.
 This may cause the page layout to be inconsistent, however.

[2]

Package Fancyhdr Warning: \headheight is too small (0.0pt): 
 Make it at least 14.49998pt.
 We now make it that large for the rest of the document.
 This may cause the page layout to be inconsistent, however.

[3]
Underfull \hbox (badness 2903) in paragraph at lines 39--42
\T1/ptm/m/n/12 Berdasarkan pen-je-lasan dalam latar be-lakang diper-lukan anal-
i-sis me-nge-nai
 []


Underfull \hbox (badness 3354) in paragraph at lines 39--42
\T1/ptm/m/it/12 ing \T1/ptm/m/n/12 melalui \T1/ptm/m/it/12 video game\T1/ptm/m/
n/12 . In-for-masi dari anal-i-sis terse-but akan men-jadi
 []


Underfull \hbox (badness 1248) in paragraph at lines 39--42
\T1/ptm/m/n/12 kerangka acuan utama un-tuk pe-ngem-bangan pro-totipe \T1/ptm/m/
it/12 video game \T1/ptm/m/n/12 yang se-
 []


Underfull \hbox (badness 10000) in paragraph at lines 39--42

 []


Underfull \hbox (badness 1024) in paragraph at lines 39--42
\T1/ptm/m/n/12 Tu-juan dari di-lak-sanakan-nya peneli-tian ini adalah menge-tah
ui hal - hal apa
 []

LaTeX Font Info:    Font shape `OMS/ptm/m/n' in size <12> not available
(Font)              Font shape `OMS/pzccm/m/n' tried instead on input line 43.

Underfull \hbox (badness 1590) in paragraph at lines 58--59
\T1/ptm/m/n/12 Dalam men-da-p-atkan tu-juan terse-but, Penulis men-galami keter
-batasan dalam
 []


Package Fancyhdr Warning: \headheight is too small (0.0pt): 
 Make it at least 14.49998pt.
 We now make it that large for the rest of the document.
 This may cause the page layout to be inconsistent, however.

[4])

Package Fancyhdr Warning: \headheight is too small (0.0pt): 
 Make it at least 14.49998pt.
 We now make it that large for the rest of the document.
 This may cause the page layout to be inconsistent, however.

[5]

Package Fancyhdr Warning: \headheight is too small (0.0pt): 
 Make it at least 14.49998pt.
 We now make it that large for the rest of the document.
 This may cause the page layout to be inconsistent, however.

[6]
\openout2 = `bab2-landasan-teori.aux'.

 (bab2-landasan-teori.tex
BAB 2.

Package hyperref Warning: Token not allowed in a PDF string (PDFDocEncoding):
(hyperref)                removing `\uppercase' on input line 2.

LaTeX Font Info:    Font shape `T1/ptm/bx/it' in size <14.4> not available
(Font)              Font shape `T1/ptm/b/it' tried instead on input line 6.

Package natbib Warning: Citation `book.lvlup' on page 7 undefined on input line
 8.


Package natbib Warning: Citation `book.artgamedesign' on page 7 undefined on in
put line 8.


Package natbib Warning: Citation `book.ruleofplay' on page 7 undefined on input
 line 10.


Underfull \hbox (badness 10000) in paragraph at lines 8--11

 []


Package natbib Warning: Citation `article.herz' on page 7 undefined on input li
ne 12.

[7



]

Package Fancyhdr Warning: \headheight is too small (0.0pt): 
 Make it at least 14.49998pt.
 We now make it that large for the rest of the document.
 This may cause the page layout to be inconsistent, however.

[8]
Underfull \hbox (badness 3525) in paragraph at lines 51--51
[]|\T1/ptm/m/it/12 Social and
 []


Underfull \hbox (badness 10000) in paragraph at lines 55--55
[]|\T1/ptm/m/n/12 Tujuan
 []


Underfull \hbox (badness 10000) in paragraph at lines 57--57
[]|\T1/ptm/m/n/12 Sumber
 []


Underfull \hbox (badness 10000) in paragraph at lines 57--57
\T1/ptm/m/n/12 Pem-be-la-
 []


Overfull \hbox (5.4944pt too wide) in paragraph at lines 49--60
 [][] 
 []


Package Fancyhdr Warning: \headheight is too small (0.0pt): 
 Make it at least 14.49998pt.
 We now make it that large for the rest of the document.
 This may cause the page layout to be inconsistent, however.

[9]

Package natbib Warning: Citation `papper.bloom' on page 10 undefined on input l
ine 63.


Package natbib Warning: Citation `paper.karthwohl' on page 10 undefined on inpu
t line 65.


Underfull \hbox (badness 5533) in paragraph at lines 63--66
\T1/ptm/m/n/12 Bloom's tax-on-omy meru-pakan su-atu tak-sonomi yang dicip-takan
 per-tama
 []


Underfull \hbox (badness 4072) in paragraph at lines 63--66
\T1/ptm/m/n/12 kali oleh be-be-rapa peneliti yang dike-t-uai oleh Bloom ( Bloom
, En-gel-
 []


Underfull \hbox (badness 5817) in paragraph at lines 63--66
\T1/ptm/m/it/12 "Bloom Tax-on-omy of the Cog-ni-tive Do-main"\T1/ptm/m/n/12 . P
ada awal-nya ter-da-pat
 []


Underfull \hbox (badness 10000) in paragraph at lines 63--66
\T1/ptm/m/n/12 enam tingkat yang dike-nal de-ngan Bloom's Tax-on-omy, yaitu \T1
/ptm/m/it/12 Knowl-
 []


Underfull \hbox (badness 6708) in paragraph at lines 63--66
\T1/ptm/m/it/12 edge, Com-pre-hen-sion, Ap-pli-ca-tion, Anal-y-sis, Syn-the-sis
\T1/ptm/m/n/12 , dan \T1/ptm/m/it/12 Eval-u-a-tion\T1/ptm/m/n/12 .
 []


Underfull \hbox (badness 10000) in paragraph at lines 63--66

 []


Underfull \hbox (badness 1221) in paragraph at lines 63--66
\T1/ptm/m/n/12 Ter-da-pat re-visi dari Bloom's tax-on-omy yang dik-er-jakan ole
h An-der-son dan
 []


Package Fancyhdr Warning: \headheight is too small (0.0pt): 
 Make it at least 14.49998pt.
 We now make it that large for the rest of the document.
 This may cause the page layout to be inconsistent, however.

[10]

Package Fancyhdr Warning: \headheight is too small (0.0pt): 
 Make it at least 14.49998pt.
 We now make it that large for the rest of the document.
 This may cause the page layout to be inconsistent, however.

[11]
LaTeX Font Info:    Font shape `OT1/ptm/bx/n' in size <24.88> not available
(Font)              Font shape `OT1/ptm/b/n' tried instead on input line 87.
LaTeX Font Info:    Font shape `OT1/ptm/bx/n' in size <17.28> not available
(Font)              Font shape `OT1/ptm/b/n' tried instead on input line 87.
LaTeX Font Info:    Font shape `OT1/ptm/bx/n' in size <14.4> not available
(Font)              Font shape `OT1/ptm/b/n' tried instead on input line 87.

Overfull \hbox (3.7684pt too wide) in paragraph at lines 90--90
[]|\T1/ptm/m/it/8 Understand| 
 []


Underfull \hbox (badness 10000) in paragraph at lines 92--92
[]|\T1/ptm/m/it/8 Factual
 []


Underfull \hbox (badness 10000) in paragraph at lines 92--92
\T1/ptm/m/it/8 Knowl-
 []


Overfull \hbox (7.29642pt too wide) in paragraph at lines 92--92
[]|\T1/ptm/m/n/8 Terminologi,
 []


Underfull \hbox (badness 10000) in paragraph at lines 92--92
\T1/ptm/m/n/8 Kom-po-
 []


Underfull \hbox (badness 10000) in paragraph at lines 92--92
\T1/ptm/m/n/8 nen &
 []


Underfull \hbox (badness 10000) in paragraph at lines 92--93
[]|\T1/ptm/m/n/8 Membuat
 []


Underfull \hbox (badness 10000) in paragraph at lines 92--93
\T1/ptm/m/n/8 cerita
 []


Overfull \hbox (2.74448pt too wide) in paragraph at lines 94--94
[]|\T1/ptm/m/it/8 Conceptual
 []


Underfull \hbox (badness 10000) in paragraph at lines 94--94
\T1/ptm/m/it/8 Knowl-
 []


Underfull \hbox (badness 10000) in paragraph at lines 94--94
[]|\T1/ptm/m/n/8 Kategori,
 []


Underfull \hbox (badness 10000) in paragraph at lines 94--94
\T1/ptm/m/n/8 Prin-sip,
 []


Underfull \hbox (badness 10000) in paragraph at lines 94--95
[]|\T1/ptm/m/n/8 Membuat
 []


Underfull \hbox (badness 10000) in paragraph at lines 94--95
\T1/ptm/m/n/8 su-atu
 []


Underfull \hbox (badness 10000) in paragraph at lines 94--95
\T1/ptm/m/n/8 klasi-fikasi
 []


Overfull \hbox (1.81656pt too wide) in paragraph at lines 96--96
[]|\T1/ptm/m/it/8 Procedural
 []


Underfull \hbox (badness 10000) in paragraph at lines 96--96
\T1/ptm/m/it/8 Knowl-
 []


Overfull \hbox (6.53647pt too wide) in paragraph at lines 96--96
[]|\T1/ptm/m/n/8 Kemampuan
 []


Underfull \hbox (badness 10000) in paragraph at lines 96--96
\T1/ptm/m/n/8 Spe-si-fik,
 []


Underfull \hbox (badness 3209) in paragraph at lines 96--96
\T1/ptm/m/n/8 Teknik &
 []


Underfull \hbox (badness 10000) in paragraph at lines 96--96
\T1/ptm/m/n/8 kri-te-ria
 []


Underfull \hbox (badness 10000) in paragraph at lines 96--96
\T1/ptm/m/n/8 peng-gu-
 []


Overfull \hbox (2.29634pt too wide) in paragraph at lines 96--96
[]|\T1/ptm/m/n/8 Memahami 
 []


Overfull \hbox (1.8485pt too wide) in paragraph at lines 96--96
[]|\T1/ptm/m/n/8 Melakukan 
 []


Underfull \hbox (badness 10000) in paragraph at lines 96--97
[]|\T1/ptm/m/n/8 Membuat
 []


Underfull \hbox (badness 10000) in paragraph at lines 96--97
\T1/ptm/m/n/8 dekatan
 []


Underfull \hbox (badness 10000) in paragraph at lines 96--97
\T1/ptm/m/n/8 baru
 []


Underfull \hbox (badness 10000) in paragraph at lines 96--97
\T1/ptm/m/n/8 dalam
 []


Underfull \hbox (badness 10000) in paragraph at lines 96--97
\T1/ptm/m/n/8 penye-
 []


Underfull \hbox (badness 10000) in paragraph at lines 96--97
\T1/ptm/m/n/8 le-sa-ian
 []


Underfull \hbox (badness 10000) in paragraph at lines 98--98
[]|\T1/ptm/m/it/8 Meta-
 []


Underfull \hbox (badness 10000) in paragraph at lines 98--98
\T1/ptm/m/it/8 Cognitive
 []


Underfull \hbox (badness 10000) in paragraph at lines 98--98
\T1/ptm/m/it/8 Knowl-
 []


Overfull \hbox (6.73648pt too wide) in paragraph at lines 98--98
[]|\T1/ptm/m/n/8 Pengetahuan
 []


Underfull \hbox (badness 10000) in paragraph at lines 98--98
\T1/ptm/m/n/8 ter-hadap
 []


Underfull \hbox (badness 10000) in paragraph at lines 98--98
\T1/ptm/m/n/8 diri
 []


Overfull \hbox (1.8485pt too wide) in paragraph at lines 98--98
[]|\T1/ptm/m/n/8 Melakukan 
 []


Overfull \hbox (6.53647pt too wide) in paragraph at lines 98--98
[]|\T1/ptm/m/n/8 Kemampuan 
 []


Overfull \hbox (1.8485pt too wide) in paragraph at lines 98--98
[]|\T1/ptm/m/n/8 Melakukan 
 []


Underfull \hbox (badness 10000) in paragraph at lines 98--99
[]|\T1/ptm/m/n/8 Membuat
 []


Underfull \hbox (badness 10000) in paragraph at lines 98--99
\T1/ptm/m/n/8 su-atu
 []


Underfull \hbox (badness 5652) in paragraph at lines 98--99
\T1/ptm/m/n/8 cara baru
 []


Underfull \hbox (badness 10000) in paragraph at lines 98--99
\T1/ptm/m/n/8 dalam
 []


Underfull \hbox (badness 10000) in paragraph at lines 98--99
\T1/ptm/m/n/8 pem-be-la-
 []


Package natbib Warning: Citation `paper.rosenthal' on page 12 undefined on inpu
t line 105.


Underfull \hbox (badness 10000) in paragraph at lines 105--108

 []


Package Fancyhdr Warning: \headheight is too small (0.0pt): 
 Make it at least 14.49998pt.
 We now make it that large for the rest of the document.
 This may cause the page layout to be inconsistent, however.

[12]

Package natbib Warning: Citation `paper.thorndike' on page 13 undefined on inpu
t line 110.


Package natbib Warning: Citation `paper.landsberger' on page 13 undefined on in
put line 112.


Package Fancyhdr Warning: \headheight is too small (0.0pt): 
 Make it at least 14.49998pt.
 We now make it that large for the rest of the document.
 This may cause the page layout to be inconsistent, however.

[13]

Package natbib Warning: Citation `paper.Saretsky' on page 14 undefined on input
 line 114.


Package natbib Warning: Citation `paper.futurelab' on page 14 undefined on inpu
t line 127.


Package Fancyhdr Warning: \headheight is too small (0.0pt): 
 Make it at least 14.49998pt.
 We now make it that large for the rest of the document.
 This may cause the page layout to be inconsistent, however.

[14]

Package natbib Warning: Citation `papper.jpgee' on page 15 undefined on input l
ine 137.


Package Fancyhdr Warning: \headheight is too small (0.0pt): 
 Make it at least 14.49998pt.
 We now make it that large for the rest of the document.
 This may cause the page layout to be inconsistent, however.

[15]
Underfull \hbox (badness 1286) in paragraph at lines 151--152
[]| \T1/ptm/m/it/12 Psy-chososial Mora-to-rium Prin-ci-ple \T1/ptm/m/n/12 men-j
e-laskan ten-tang bagaimana
 []


Package Fancyhdr Warning: \headheight is too small (0.0pt): 
 Make it at least 14.49998pt.
 We now make it that large for the rest of the document.
 This may cause the page layout to be inconsistent, however.

[16]
Underfull \hbox (badness 3088) in paragraph at lines 167--168
[]| \T1/ptm/m/it/12 In-ter-tex-tual Prin-ci-ple \T1/ptm/m/n/12 men-je-laskan te
n-tang pe-serta didik mengerti
 []


Package natbib Warning: Citation `paper.anung' on page 17 undefined on input li
ne 175.


Package Fancyhdr Warning: \headheight is too small (0.0pt): 
 Make it at least 14.49998pt.
 We now make it that large for the rest of the document.
 This may cause the page layout to be inconsistent, however.

[17]

Package natbib Warning: Citation `paper.mannell' on page 18 undefined on input 
line 196.


Underfull \hbox (badness 4940) in paragraph at lines 196--199
\T1/ptm/m/n/12 Menurut Man-nell (\T1/ptm/b/n/12 ?\T1/ptm/m/n/12 ), pem-ro-gra-m
an adalah se-buah proses dari penye-le-
 []


Underfull \hbox (badness 6825) in paragraph at lines 196--199
\T1/ptm/m/n/12 sa-ian masalah meng-gu-nakan al-go-ritma yang diter-jemahkan ked
alam no-
 []


Underfull \hbox (badness 4416) in paragraph at lines 196--199
\T1/ptm/m/n/12 tasi atau ba-hasa pem-ro-gra-man se-hingga da-pat di-jalankan ol
eh kom-puter.
 []


Underfull \hbox (badness 1755) in paragraph at lines 196--199
\T1/ptm/m/n/12 Dalam menye-le-saikan masalah tentu se-tiap orang memi-liki cara
nya mas-ing
 []


Underfull \hbox (badness 1194) in paragraph at lines 196--199
\T1/ptm/m/n/12 - mas-ing, karena itu pem-ro-gra-man meru-pakan rep-re-sen-tasi 
so-lusi oleh kita.
 []


Underfull \hbox (badness 10000) in paragraph at lines 196--199

 []


Underfull \hbox (badness 3291) in paragraph at lines 196--199
\T1/ptm/m/n/12 Man-nell (2009) menye-butkan, ter-da-pat lima taha-pan dalam pem
-ro-gra-man,
 []


Package Fancyhdr Warning: \headheight is too small (0.0pt): 
 Make it at least 14.49998pt.
 We now make it that large for the rest of the document.
 This may cause the page layout to be inconsistent, however.

[18]

Package natbib Warning: Citation `paper.wing' on page 19 undefined on input lin
e 212.


Package natbib Warning: Citation `brp.ddp1' on page 19 undefined on input line 
214.


Underfull \hbox (badness 2197) in paragraph at lines 214--217
\T1/ptm/m/n/12 Dasar Dasar Pem-ro-gra-man 1 (DDP 1) meru-pakan salah satu mata 
ku-liah
 []


Underfull \hbox (badness 6691) in paragraph at lines 214--217
\T1/ptm/m/n/12 ku-liah ini dipe-run-tukan bagi ma-ha-siswa tingkat per-tama pad
a semester
 []


Underfull \hbox (badness 3815) in paragraph at lines 214--217
\T1/ptm/m/n/12 gan-jil. Mata ku-liah ini bertu-juan un-tuk men-ga-jarkan kon-se
p - kon-sep
 []


Underfull \hbox (badness 2781) in paragraph at lines 214--217
\T1/ptm/m/n/12 dan teknik - teknik dasar pem-ro-gra-man kom-puter, dalam kon-te
ks pen-ge-
 []


Underfull \hbox (badness 1231) in paragraph at lines 214--217
\T1/ptm/m/n/12 lanan ilmu kom-puter dan memi-liki bobot 4 SKS (Yohannes & Dadar
i, \T1/ptm/b/n/12 ?\T1/ptm/m/n/12 ).
 []


Underfull \hbox (badness 10000) in paragraph at lines 214--217

 []


Package Fancyhdr Warning: \headheight is too small (0.0pt): 
 Make it at least 14.49998pt.
 We now make it that large for the rest of the document.
 This may cause the page layout to be inconsistent, however.

[19]

Package natbib Warning: Citation `papper.shneiderman' on page 20 undefined on i
nput line 237.


Package Fancyhdr Warning: \headheight is too small (0.0pt): 
 Make it at least 14.49998pt.
 We now make it that large for the rest of the document.
 This may cause the page layout to be inconsistent, however.

[20]

Package Fancyhdr Warning: \headheight is too small (0.0pt): 
 Make it at least 14.49998pt.
 We now make it that large for the rest of the document.
 This may cause the page layout to be inconsistent, however.

[21]

Package natbib Warning: Citation `article.usability' on page 22 undefined on in
put line 265.


Package natbib Warning: Citation `papper.lewis' on page 22 undefined on input l
ine 267.


Underfull \hbox (badness 10000) in paragraph at lines 265--268
\T1/ptm/m/it/12 Usability test-ing \T1/ptm/m/n/12 adalah metode un-tuk mengeval
-u-asi se-buah pro-duk
 []


Underfull \hbox (badness 10000) in paragraph at lines 265--268
\T1/ptm/m/n/12 atau layanan de-ngan melakukan pen-gu-jian ter-hadap peng-guna y
ang
 []


Underfull \hbox (badness 10000) in paragraph at lines 265--268
\T1/ptm/m/n/12 rep-re-sen-tatif de-ngan tu-juan un-tuk men-e-mukan per-ma-sa-la
han us-abilty
 []


Underfull \hbox (badness 10000) in paragraph at lines 265--268
\T1/ptm/m/n/12 dan mengumpulkan data kual-i-tatif dan kuan-ti-tatif serta menen
-tukan
 []


Underfull \hbox (badness 8151) in paragraph at lines 265--268
\T1/ptm/m/n/12 tingkat kepuasan peng-guna ter-hadap pro-duk atau layanan terse-
but (\T1/ptm/b/n/12 ?\T1/ptm/m/n/12 ).
 []


Underfull \hbox (badness 10000) in paragraph at lines 265--268

 []


Underfull \hbox (badness 1184) in paragraph at lines 265--268
\T1/ptm/m/n/12 Menu-rut Sauro dan Lewis (\T1/ptm/b/n/12 ?\T1/ptm/m/n/12 ), jum-
lah par-tisi-pan UT yang cukup mewak-ili
 []

)

Package Fancyhdr Warning: \headheight is too small (0.0pt): 
 Make it at least 14.49998pt.
 We now make it that large for the rest of the document.
 This may cause the page layout to be inconsistent, however.

[22]
\openout2 = `bab3-aplikasi-digunakan.aux'.

 (bab3-aplikasi-digunakan.tex
BAB 3.

Package hyperref Warning: Token not allowed in a PDF string (PDFDocEncoding):
(hyperref)                removing `\uppercase' on input line 2.


Package natbib Warning: Citation `papper.Creswell' on page 23 undefined on inpu
t line 9.


Package natbib Warning: Citation `book.morisson' on page 23 undefined on input 
line 15.


Underfull \hbox (badness 10000) in paragraph at lines 9--16
\T1/ptm/m/n/12 Penelitian ini meng-gu-nakan pen-dekatan studi ka-sus. Cress-
 []


Underfull \hbox (badness 10000) in paragraph at lines 9--16
\T1/ptm/m/n/12 well (\T1/ptm/b/n/12 ?\T1/ptm/m/n/12 ), pen-dekatan studi ka-sus
 adalah peneli-tian ten-tang su-
 []


Underfull \hbox (badness 10000) in paragraph at lines 9--16
\T1/ptm/m/n/12 atu pro-gram, peri-s-tiwa, ak-tiv-i-tas, proses, atau kelom-pok 
in-di-vidu.
 []


Underfull \hbox (badness 10000) in paragraph at lines 9--16

 []


Underfull \hbox (badness 2435) in paragraph at lines 9--16
\T1/ptm/m/n/12 Pen-dekatan studi ka-sus yang di-lakukan adalah proses pem-be-la
-jaran ma-ha-
 []


Underfull \hbox (badness 2478) in paragraph at lines 9--16
\T1/ptm/m/n/12 siswa Fakul-tas Ilmu Kom-puter di Uni-ver-si-tas In-done-sia pad
a mata ku-liah
 []


Underfull \hbox (badness 3250) in paragraph at lines 9--16
\T1/ptm/m/n/12 Dasar Dasar Pem-ro-gra-man. Peneli-tian ini berusaha mema-hami p
erasaan
 []


Underfull \hbox (badness 4108) in paragraph at lines 9--16
\T1/ptm/m/n/12 re-spon-den ter-hadap su-atu masalah. Peneli-tian ini di-lakukan
 tanpa fak-
 []


Underfull \hbox (badness 3179) in paragraph at lines 9--16
\T1/ptm/m/n/12 tor - fak-tor ek-ster-nal se-hingga tidak mem-pen-garuhi pemiki-
ran re-spon-den.
 []


Underfull \hbox (badness 10000) in paragraph at lines 9--16

 []


Underfull \hbox (badness 2165) in paragraph at lines 9--16
\T1/ptm/m/n/12 Peneli-tian yang di-lakukan meng-gu-nakan pen-dekatan \T1/ptm/m/
it/12 Mixed method \T1/ptm/m/n/12 se-ba-gai
 []


Underfull \hbox (badness 2103) in paragraph at lines 9--16
\T1/ptm/m/it/12 re-search de-sign\T1/ptm/m/n/12 . \T1/ptm/m/it/12 Mixed method 
\T1/ptm/m/n/12 meru-pakan metode yang meng-gabungkan
 []


Underfull \hbox (badness 2269) in paragraph at lines 9--16
\T1/ptm/m/n/12 fat kual-i-tatif di-lakukan de-ngan cara menyusun kue-sioner yan
g men-cam-pur
 []


Underfull \hbox (badness 2671) in paragraph at lines 9--16
\T1/ptm/m/n/12 per-tanyaan \T1/ptm/m/it/12 close-ended \T1/ptm/m/n/12 dan \T1/p
tm/m/it/12 open-ended \T1/ptm/m/n/12 de-ngan tu-juan un-tuk men-da-p-atkan
 []


Underfull \hbox (badness 3343) in paragraph at lines 9--16
\T1/ptm/m/n/12 re-quire-ment yang pal-ing sesuai un-tuk dit-er-ap-kan pada si-t
us pem-be-la-jaran
 []


Underfull \hbox (badness 2269) in paragraph at lines 9--16
\T1/ptm/m/n/12 yang akan dikem-bangkan. Pen-dekatan yang bersi-fat kuan-ti-tati
f di-lakukan
 []


Underfull \hbox (badness 10000) in paragraph at lines 9--16

 []


Underfull \hbox (badness 3907) in paragraph at lines 9--16
\T1/ptm/m/n/12 Dalam pe-ngem-bangan sis-tem ini penulis meng-gu-nakan pen-dekat
an model
 []

<pics/flow-pembuatan.png, id=774, 422.57875pt x 643.40375pt>
File: pics/flow-pembuatan.png Graphic file (type png)

<use pics/flow-pembuatan.png>
Package pdftex.def Info: pics/flow-pembuatan.png used on input line 24.
(pdftex.def)             Requested size: 380.31735pt x 579.05803pt.
 [23



]

Package Fancyhdr Warning: \headheight is too small (0.0pt): 
 Make it at least 14.49998pt.
 We now make it that large for the rest of the document.
 This may cause the page layout to be inconsistent, however.

[24 <./pics/flow-pembuatan.png>]

Package Fancyhdr Warning: \headheight is too small (0.0pt): 
 Make it at least 14.49998pt.
 We now make it that large for the rest of the document.
 This may cause the page layout to be inconsistent, however.

[25]

Package natbib Warning: Citation `papper.shneiderman' on page 26 undefined on i
nput line 71.

)

Package Fancyhdr Warning: \headheight is too small (0.0pt): 
 Make it at least 14.49998pt.
 We now make it that large for the rest of the document.
 This may cause the page layout to be inconsistent, however.

[26]
\openout2 = `bab4-rancangan-dan-analisis.aux'.

 (bab4-rancangan-dan-analisis.tex
BAB 4.

Package hyperref Warning: Token not allowed in a PDF string (PDFDocEncoding):
(hyperref)                removing `\uppercase' on input line 2.

<pics/angkatan.png, id=796, 416.55624pt x 218.8175pt>
File: pics/angkatan.png Graphic file (type png)
 <use pics/angkatan.png>
Package pdftex.def Info: pics/angkatan.png used on input line 11.
(pdftex.def)             Requested size: 416.55522pt x 218.81696pt.

Overfull \hbox (18.21663pt too wide) in paragraph at lines 11--12
[][] 
 []


Underfull \hbox (badness 7558) in paragraph at lines 7--14
\T1/ptm/m/n/12 Terdapat 128 tang-ga-pan dalam survei de-mografi dan mi-nat ma-h
a-siswa
 []


Underfull \hbox (badness 3919) in paragraph at lines 7--14
\T1/ptm/m/n/12 fasilkom pada mata ku-liah Dasar Dasar Pem-ro-gra-man. Hasil dar
i de-
 []


Underfull \hbox (badness 1194) in paragraph at lines 7--14
\T1/ptm/m/n/12 mografi re-spon-den dan anal-i-sis kuesoner akan diba-has pada b
agian berikut.
 []


Underfull \hbox (badness 10000) in paragraph at lines 7--14

 []

<pics/pernah-ikut-ddp-sebelum.png, id=797, 416.55624pt x 276.03125pt>
File: pics/pernah-ikut-ddp-sebelum.png Graphic file (type png)

<use pics/pernah-ikut-ddp-sebelum.png>
Package pdftex.def Info: pics/pernah-ikut-ddp-sebelum.png used on input line 17
.
(pdftex.def)             Requested size: 398.3386pt x 263.97191pt.
 [27



 <./pics/angkatan.png>]
<pics/kapan-pernah-belajarnya.png, id=803, 597.23125pt x 358.33875pt>
File: pics/kapan-pernah-belajarnya.png Graphic file (type png)

<use pics/kapan-pernah-belajarnya.png>
Package pdftex.def Info: pics/kapan-pernah-belajarnya.png used on input line 23
.
(pdftex.def)             Requested size: 398.3386pt x 239.00308pt.

<pics/passion-pemograman.png, id=804, 427.5975pt x 224.84pt>
File: pics/passion-pemograman.png Graphic file (type png)

<use pics/passion-pemograman.png>
Package pdftex.def Info: pics/passion-pemograman.png used on input line 29.
(pdftex.def)             Requested size: 398.3386pt x 209.45583pt.


Package Fancyhdr Warning: \headheight is too small (0.0pt): 
 Make it at least 14.49998pt.
 We now make it that large for the rest of the document.
 This may cause the page layout to be inconsistent, however.

[28 <./pics/pernah-ikut-ddp-sebelum.png> <./pics/kapan-pernah-belajarnya.png>]
<pics/lama-belajar.png, id=811, 424.58624pt x 219.82124pt>
File: pics/lama-belajar.png Graphic file (type png)

<use pics/lama-belajar.png>
Package pdftex.def Info: pics/lama-belajar.png used on input line 35.
(pdftex.def)             Requested size: 398.3386pt x 206.24289pt.

<pics/nilai-pemograman.png, id=812, 694.595pt x 243.91125pt>
File: pics/nilai-pemograman.png Graphic file (type png)

<use pics/nilai-pemograman.png>
Package pdftex.def Info: pics/nilai-pemograman.png used on input line 41.
(pdftex.def)             Requested size: 398.3386pt x 139.88313pt.


Package Fancyhdr Warning: \headheight is too small (0.0pt): 
 Make it at least 14.49998pt.
 We now make it that large for the rest of the document.
 This may cause the page layout to be inconsistent, however.

[29 <./pics/passion-pemograman.png> <./pics/lama-belajar.png>]
<pics/mengulang-ddp.png, id=820, 391.4625pt x 220.825pt>
File: pics/mengulang-ddp.png Graphic file (type png)

<use pics/mengulang-ddp.png>
Package pdftex.def Info: pics/mengulang-ddp.png used on input line 47.
(pdftex.def)             Requested size: 398.3386pt x 224.71623pt.

<pics/contoh-langsung.png, id=821, 684.5575pt x 219.82124pt>
File: pics/contoh-langsung.png Graphic file (type png)

<use pics/contoh-langsung.png>
Package pdftex.def Info: pics/contoh-langsung.png used on input line 53.
(pdftex.def)             Requested size: 398.3386pt x 127.91566pt.


Package Fancyhdr Warning: \headheight is too small (0.0pt): 
 Make it at least 14.49998pt.
 We now make it that large for the rest of the document.
 This may cause the page layout to be inconsistent, however.

[30 <./pics/nilai-pemograman.png> <./pics/mengulang-ddp.png>]
<pics/perlu-waktu-luar-kelas.png, id=828, 671.50874pt x 215.80624pt>
File: pics/perlu-waktu-luar-kelas.png Graphic file (type png)

<use pics/perlu-waktu-luar-kelas.png>
Package pdftex.def Info: pics/perlu-waktu-luar-kelas.png used on input line 59.

(pdftex.def)             Requested size: 398.3386pt x 128.01608pt.

<pics/suka-bermain-game.png, id=829, 393.47pt x 211.79124pt>
File: pics/suka-bermain-game.png Graphic file (type png)

<use pics/suka-bermain-game.png>
Package pdftex.def Info: pics/suka-bermain-game.png used on input line 65.
(pdftex.def)             Requested size: 398.3386pt x 214.4116pt.

Underfull \hbox (badness 1303) in paragraph at lines 63--68
[]\T1/ptm/m/n/12 Sebanyak 100 re-spon-den (78,1%)suka bermain \T1/ptm/m/it/12 g
ame\T1/ptm/m/n/12 , dan 28 re-spon-den
 []


Package Fancyhdr Warning: \headheight is too small (0.0pt): 
 Make it at least 14.49998pt.
 We now make it that large for the rest of the document.
 This may cause the page layout to be inconsistent, however.

[31 <./pics/contoh-langsung.png> <./pics/perlu-waktu-luar-kelas.png>]
<pics/waktu-bermain-game.png, id=836, 406.51875pt x 208.78pt>
File: pics/waktu-bermain-game.png Graphic file (type png)

<use pics/waktu-bermain-game.png>
Package pdftex.def Info: pics/waktu-bermain-game.png used on input line 71.
(pdftex.def)             Requested size: 398.3386pt x 204.58705pt.

<pics/lebih-senang-bermain-game.png, id=837, 396.48125pt x 211.79124pt>
File: pics/lebih-senang-bermain-game.png Graphic file (type png)

<use pics/lebih-senang-bermain-game.png>
Package pdftex.def Info: pics/lebih-senang-bermain-game.png used on input line 
77.
(pdftex.def)             Requested size: 398.3386pt x 212.7893pt.


Package Fancyhdr Warning: \headheight is too small (0.0pt): 
 Make it at least 14.49998pt.
 We now make it that large for the rest of the document.
 This may cause the page layout to be inconsistent, however.

[32 <./pics/suka-bermain-game.png> <./pics/waktu-bermain-game.png>]

Package Fancyhdr Warning: \headheight is too small (0.0pt): 
 Make it at least 14.49998pt.
 We now make it that large for the rest of the document.
 This may cause the page layout to be inconsistent, however.

[33 <./pics/lebih-senang-bermain-game.png>]
Underfull \hbox (badness 10000) in paragraph at lines 156--156
[]|\T1/ptm/b/n/12 Landasan
 []


Underfull \hbox (badness 10000) in paragraph at lines 156--157
[]|\T1/ptm/b/it/12 Requirement \T1/ptm/b/n/12 yang da-pat
 []


Underfull \hbox (badness 10000) in paragraph at lines 161--161
[]|\T1/ptm/b/n/12 Landasan
 []


Underfull \hbox (badness 10000) in paragraph at lines 161--162
[]|\T1/ptm/b/it/12 Requirement \T1/ptm/b/n/12 yang da-pat
 []


Underfull \hbox (badness 10000) in paragraph at lines 164--164
[]|\T1/ptm/m/n/12 Teori Per-
 []


Underfull \hbox (badness 10000) in paragraph at lines 164--164
\T1/ptm/m/n/12 an-can-gan
 []


Underfull \hbox (badness 10000) in paragraph at lines 164--164
[]|\T1/ptm/m/n/12 Jenis \T1/ptm/m/it/12 game \T1/ptm/m/n/12 berdasarkan
 []


Underfull \hbox (badness 6300) in paragraph at lines 164--164
\T1/ptm/m/n/12 adalah \T1/ptm/m/it/12 board game, card
 []


Underfull \hbox (badness 4291) in paragraph at lines 164--164
\T1/ptm/m/it/12 game, ath-letic game\T1/ptm/m/n/12 , dan
 []


Underfull \hbox (badness 10000) in paragraph at lines 164--165
[]|\T1/ptm/m/n/12 Penelitian ini meru-pakan
 []


Underfull \hbox (badness 2662) in paragraph at lines 164--165
\T1/ptm/m/n/12 puter, se-hingga je-nis yang
 []


Underfull \hbox (badness 10000) in paragraph at lines 164--165
\T1/ptm/m/n/12 di-pi-lih adalah \T1/ptm/m/it/12 com-puter
 []


Underfull \hbox (badness 1137) in paragraph at lines 166--166
\T1/ptm/m/it/12 ture Game, Fight-ing game,
 []


Underfull \hbox (badness 1533) in paragraph at lines 166--166
\T1/ptm/m/it/12 Puz-zle Game, Role-Playing
 []


Underfull \hbox (badness 1221) in paragraph at lines 166--167
\T1/ptm/m/n/12 pem-ro-gra-man adalah \T1/ptm/m/it/12 puz-zle
 []


Underfull \hbox (badness 1173) in paragraph at lines 168--168
[]|\T1/ptm/m/n/12 Teori pem-
 []


Underfull \hbox (badness 1215) in paragraph at lines 168--168
\T1/ptm/m/n/12 bidang pen-didikan terutama
 []


Underfull \hbox (badness 5274) in paragraph at lines 168--169
[]|\T1/ptm/m/n/12 Tahap yang harus di-ca-pai
 []


Underfull \hbox (badness 1221) in paragraph at lines 168--169
\T1/ptm/m/n/12 pem-ro-gra-man adalah \T1/ptm/m/it/12 Ap-pli-
 []


Underfull \hbox (badness 6675) in paragraph at lines 168--169
\T1/ptm/m/it/12 ca-tion\T1/ptm/m/n/12 . Peng-guna harus
 []


Underfull \hbox (badness 1540) in paragraph at lines 168--169
\T1/ptm/m/n/12 saikan per-ma-sa-lahan terkait
 []


Overfull \hbox (8.40964pt too wide) in paragraph at lines 170--170
[]|\T1/ptm/m/n/12 Pembelajaran
 []


Underfull \hbox (badness 10000) in paragraph at lines 170--170
\T1/ptm/m/n/12 berba-sis
 []


Underfull \hbox (badness 1946) in paragraph at lines 170--170
\T1/ptm/m/n/12 dalam pe-ngem-bangan pem-
 []


Underfull \hbox (badness 4205) in paragraph at lines 172--172
\T1/ptm/m/n/12 tu-to-rial, si-mu-lasi, dan \T1/ptm/m/it/12 in-
 []


Underfull \hbox (badness 4132) in paragraph at lines 172--173
\T1/ptm/m/n/12 tan-ta-n-gan dalam \T1/ptm/m/it/12 game \T1/ptm/m/n/12 ini
 []


Underfull \hbox (badness 6236) in paragraph at lines 172--173
\T1/ptm/m/n/12 harus mampu mem-berikan
 []


Underfull \hbox (badness 10000) in paragraph at lines 172--173
\T1/ptm/m/n/12 pelati-han beru-lang kepada
 []


Underfull \hbox (badness 4132) in paragraph at lines 172--173
\T1/ptm/m/n/12 pe-serta didik se-hingga di-
 []


Underfull \hbox (badness 10000) in paragraph at lines 172--173
\T1/ptm/m/n/12 ha-rap-kan ma-teri terse-but
 []


Underfull \hbox (badness 5133) in paragraph at lines 172--173
\T1/ptm/m/n/12 ter-tanam dan men-jadi ke-
 []


Underfull \hbox (badness 10000) in paragraph at lines 172--173
\T1/ptm/m/n/12 bi-asaan. Berba-sis pada
 []


Underfull \hbox (badness 2547) in paragraph at lines 172--173
\T1/ptm/m/n/12 metode \T1/ptm/m/it/12 in-struc-tional game\T1/ptm/m/n/12 ,
 []


Underfull \hbox (badness 1275) in paragraph at lines 172--173
\T1/ptm/m/n/12 maka harus ter-da-pat tu-juan
 []


Underfull \hbox (badness 2573) in paragraph at lines 172--173
\T1/ptm/m/n/12 pem-be-la-jaran yang di-ca-pai,
 []


Underfull \hbox (badness 1509) in paragraph at lines 172--173
\T1/ptm/m/n/12 at-u-ran game yang di-de-fi-ni-
 []


Underfull \hbox (badness 10000) in paragraph at lines 172--173
\T1/ptm/m/n/12 si-kan dalam \T1/ptm/m/it/12 re-quire-ment\T1/ptm/m/n/12 ,
 []


Overfull \hbox (15.10587pt too wide) in paragraph at lines 174--174
[]|\T1/ptm/m/it/12 Computational
 []


Underfull \hbox (badness 10000) in paragraph at lines 174--174
[]|\T1/ptm/m/n/12 Tiga per-ma-sa-lahan utama
 []


Underfull \hbox (badness 10000) in paragraph at lines 174--174
\T1/ptm/m/it/12 Com-pu-ta-tional Think-ing
 []


Underfull \hbox (badness 8189) in paragraph at lines 174--174
\T1/ptm/m/n/12 adalah per-ma-sa-lahan yang
 []


Underfull \hbox (badness 4660) in paragraph at lines 174--174
\T1/ptm/m/n/12 dekatan so-lusi berdasarkan
 []


Underfull \hbox (badness 7397) in paragraph at lines 174--175
\T1/ptm/m/n/12 lusi dari tan-ta-n-gan se-tiap
 []


Underfull \hbox (badness 1484) in paragraph at lines 174--175
\T1/ptm/m/n/12 i-laku manu-sia dan ter-da-pat
 []


Underfull \hbox (badness 5548) in paragraph at lines 176--177
[]|\T1/ptm/m/n/12 Setiap poin akan men-jadi
 []


Underfull \hbox (badness 10000) in paragraph at lines 176--177
\T1/ptm/m/n/12 tukan de-sain an-tar-muka
 []


Underfull \hbox (badness 1062) in paragraph at lines 176--177
\T1/ptm/m/n/12 yang akan dibuat. Seperti
 []


Underfull \hbox (badness 10000) in paragraph at lines 176--177
\T1/ptm/m/n/12 memi-liki pe-rin-tah ter-tentu
 []


Underfull \hbox (badness 1983) in paragraph at lines 176--177
\T1/ptm/m/n/12 maka dis-e-tiap tem-pat akan
 []


Underfull \hbox (badness 10000) in paragraph at lines 178--178
[]|\T1/ptm/m/n/12 Dasar
 []


Underfull \hbox (badness 10000) in paragraph at lines 178--178
\T1/ptm/m/n/12 ro-gra-man
 []


Underfull \hbox (badness 1275) in paragraph at lines 178--178
\T1/ptm/m/n/12 di-a-jarkan pada mata ku-liah
 []


Underfull \hbox (badness 3724) in paragraph at lines 178--178
[]|\T1/ptm/m/n/12 Dengan mem-per-tim-bangkan
 []


Underfull \hbox (badness 6332) in paragraph at lines 178--178
\T1/ptm/m/n/12 dalam pe-ngem-bangan pro-
 []


Package Fancyhdr Warning: \headheight is too small (0.0pt): 
 Make it at least 14.49998pt.
 We now make it that large for the rest of the document.
 This may cause the page layout to be inconsistent, however.

[34]

Package Fancyhdr Warning: \headheight is too small (0.0pt): 
 Make it at least 14.49998pt.
 We now make it that large for the rest of the document.
 This may cause the page layout to be inconsistent, however.

[35] <pics/pesona1.png, id=858, 963.6pt x 1003.49907pt>
File: pics/pesona1.png Graphic file (type png)
 <use pics/pesona1.png>
Package pdftex.def Info: pics/pesona1.png used on input line 188.
(pdftex.def)             Requested size: 398.3386pt x 414.82126pt.


Package Fancyhdr Warning: \headheight is too small (0.0pt): 
 Make it at least 14.49998pt.
 We now make it that large for the rest of the document.
 This may cause the page layout to be inconsistent, however.

[36] <pics/pesona2.png, id=863, 963.6pt x 986.937