\BOOKMARK [0][-]{section*.2}{HALAMAN JUDUL}{}% 1
\BOOKMARK [0][-]{section*.4}{LEMBAR PERNYATAAN ORISINALITAS}{}% 2
\BOOKMARK [0][-]{section*.5}{LEMBAR PENGESAHAN}{}% 3
\BOOKMARK [0][-]{section*.6}{Kata Pengantar}{}% 4
\BOOKMARK [0][-]{section*.7}{LEMBAR PERSETUJUAN PUBLIKASI ILMIAH}{}% 5
\BOOKMARK [0][-]{section*.8}{ABSTRAK}{}% 6
\BOOKMARK [0][-]{section*.8}{Daftar Isi}{}% 7
\BOOKMARK [0][-]{section*.8}{Daftar Gambar}{}% 8
\BOOKMARK [0][-]{section*.8}{Daftar Tabel}{}% 9
\BOOKMARK [0][-]{chapter.1}{1 Pendahuluan}{}% 10
\BOOKMARK [1][-]{section.1.1}{1.1 Latar Belakang}{chapter.1}% 11
\BOOKMARK [1][-]{section.1.2}{1.2 Perumusan Masalah}{chapter.1}% 12
\BOOKMARK [1][-]{section.1.3}{1.3 Tujuan dan Manfaat Penelitian}{chapter.1}% 13
\BOOKMARK [1][-]{section.1.4}{1.4 Batasan Penelitian}{chapter.1}% 14
\BOOKMARK [1][-]{section.1.5}{1.5 Sistematika Penulisan}{chapter.1}% 15
\BOOKMARK [0][-]{chapter.2}{2 Landasan Teori}{}% 16
\BOOKMARK [1][-]{section.2.1}{2.1 Teori Perancangan Game}{chapter.2}% 17
\BOOKMARK [2][-]{subsection.2.1.1}{2.1.1 Definisi Game}{section.2.1}% 18
\BOOKMARK [2][-]{subsection.2.1.2}{2.1.2 Kategori Game}{section.2.1}% 19
\BOOKMARK [2][-]{subsection.2.1.3}{2.1.3 Elemen Game}{section.2.1}% 20
\BOOKMARK [1][-]{section.2.2}{2.2 Teori Pembelajaran}{chapter.2}% 21
\BOOKMARK [2][-]{subsection.2.2.1}{2.2.1 Definisi Pembelajaran}{section.2.2}% 22
\BOOKMARK [2][-]{subsection.2.2.2}{2.2.2 Bloom's Taxonomy with revision \(Anderson \046 Krathwohl, 2001\)}{section.2.2}% 23
\BOOKMARK [2][-]{subsection.2.2.3}{2.2.3 Expectation Effect}{section.2.2}% 24
\BOOKMARK [1][-]{section.2.3}{2.3 Pembelajaran Berbasis Game}{chapter.2}% 25
\BOOKMARK [2][-]{subsection.2.3.1}{2.3.1 Definisi Pembelajaran Berbasis Game}{section.2.3}% 26
\BOOKMARK [2][-]{subsection.2.3.2}{2.3.2 Prinsip dan Penggunaan Game Sebagai Pembelajaran}{section.2.3}% 27
\BOOKMARK [1][-]{section.2.4}{2.4 Fundamental Programming}{chapter.2}% 28
\BOOKMARK [1][-]{section.2.5}{2.5 Usability Testing dan System Usability Scale}{chapter.2}% 29
\BOOKMARK [2][-]{subsection.2.5.1}{2.5.1 Usability Testing}{section.2.5}% 30
\BOOKMARK [2][-]{subsection.2.5.2}{2.5.2 System Usability Scale}{section.2.5}% 31
\BOOKMARK [0][-]{chapter.3}{3 Metodologi Penelitian}{}% 32
\BOOKMARK [1][-]{section.3.1}{3.1 Pendekatan Penelitian}{chapter.3}% 33
\BOOKMARK [1][-]{section.3.2}{3.2 Tahapan Penelitian}{chapter.3}% 34
\BOOKMARK [2][-]{subsection.3.2.1}{3.2.1 Studi literatur}{section.3.2}% 35
\BOOKMARK [2][-]{subsection.3.2.2}{3.2.2 Instrumen penelitian}{section.3.2}% 36
\BOOKMARK [2][-]{subsection.3.2.3}{3.2.3 Analisis dan Representasi Data}{section.3.2}% 37
\BOOKMARK [2][-]{subsection.3.2.4}{3.2.4 Pengujian Prototipe Sistem dengan Usability Testing}{section.3.2}% 38
\BOOKMARK [2][-]{subsection.3.2.5}{3.2.5 Pengambilan Kesimpulan Penelitian}{section.3.2}% 39
\BOOKMARK [0][-]{chapter.4}{4 Perancangan Implementasi dan Analisis}{}% 40
\BOOKMARK [1][-]{section.4.1}{4.1 Membuat Tabel}{chapter.4}% 41
\BOOKMARK [1][-]{section.4.2}{4.2 thesis.tex}{chapter.4}% 42
\BOOKMARK [1][-]{section.4.3}{4.3 laporan\137setting.tex}{chapter.4}% 43
\BOOKMARK [1][-]{section.4.4}{4.4 istilah.tex}{chapter.4}% 44
\BOOKMARK [1][-]{section.4.5}{4.5 hype.indonesia.tex}{chapter.4}% 45
\BOOKMARK [0][-]{section.4.5}{Daftar Referensi}{}% 46
\BOOKMARK [0][-]{section*.34}{LAMPIRAN}{}% 47
\BOOKMARK [0][-]{section*.35}{Lampiran 1 : Kode Sumber}{}% 48
\BOOKMARK [0][-]{section*.38}{Lampiran 2 : Berkas Konfigurasi}{}% 49
\BOOKMARK [0][-]{section*.40}{Lampiran 8 : UAT dan Kuesioner}{}% 50
